<?xml version="1.0" encoding="UTF-8"?>
<robot generator="Robot 3.2.2 (Python 3.9.1 on win32)" generated="20210116 13:10:27.448" rpa="false">
<suite id="s1" name="TC1" source="C:\Users\hp\PycharmProjects\pythonProject1\TestCases\TC1.robot">
<test id="s1-t1" name="User should be able to Land on Flipkart age">
<kw name="Open Browser" library="SeleniumLibrary">
<doc>Opens a new browser instance to the optional ``url``.</doc>
<arguments>
<arg>${url}</arg>
<arg>${browser}</arg>
</arguments>
<msg timestamp="20210116 13:10:27.745" level="INFO">Opening browser 'chrome' to base url 'https://www.flipkart.com/'.</msg>
<status status="PASS" starttime="20210116 13:10:27.745" endtime="20210116 13:10:43.059"></status>
</kw>
<kw name="Maximize Browser Window" library="SeleniumLibrary">
<doc>Maximizes current browser window.</doc>
<status status="PASS" starttime="20210116 13:10:43.060" endtime="20210116 13:10:45.217"></status>
</kw>
<kw name="Login to Flipkart">
<kw name="Input Text" library="SeleniumLibrary">
<doc>Types the given ``text`` into the text field identified by ``locator``.</doc>
<arguments>
<arg>xpath://input[@class='_2IX_2- VJZDxU']</arg>
<arg>9495125340</arg>
</arguments>
<msg timestamp="20210116 13:10:45.233" level="INFO">Typing text '9495125340' into text field 'xpath://input[@class='_2IX_2- VJZDxU']'.</msg>
<status status="PASS" starttime="20210116 13:10:45.232" endtime="20210116 13:10:45.456"></status>
</kw>
<kw name="Input Text" library="SeleniumLibrary">
<doc>Types the given ``text`` into the text field identified by ``locator``.</doc>
<arguments>
<arg>xpath://input[contains(@class,'_2IX_2- _3mctLh')]</arg>
<arg>flip123</arg>
</arguments>
<msg timestamp="20210116 13:10:45.457" level="INFO">Typing text 'flip123' into text field 'xpath://input[contains(@class,'_2IX_2- _3mctLh')]'.</msg>
<status status="PASS" starttime="20210116 13:10:45.457" endtime="20210116 13:10:45.615"></status>
</kw>
<kw name="Click Element" library="SeleniumLibrary">
<doc>Click the element identified by ``locator``.</doc>
<arguments>
<arg>xpath:(//span[text()='Login'])[2]</arg>
</arguments>
<msg timestamp="20210116 13:10:45.615" level="INFO">Clicking element 'xpath:(//span[text()='Login'])[2]'.</msg>
<status status="PASS" starttime="20210116 13:10:45.615" endtime="20210116 13:10:45.706"></status>
</kw>
<status status="PASS" starttime="20210116 13:10:45.231" endtime="20210116 13:10:45.707"></status>
</kw>
<kw name="View Cart">
<kw name="Sleep" library="BuiltIn">
<doc>Pauses the test executed for the given time.</doc>
<arguments>
<arg>2</arg>
</arguments>
<msg timestamp="20210116 13:10:47.728" level="INFO">Slept 2 seconds</msg>
<status status="PASS" starttime="20210116 13:10:45.726" endtime="20210116 13:10:47.729"></status>
</kw>
<kw name="Click Element" library="SeleniumLibrary">
<doc>Click the element identified by ``locator``.</doc>
<arguments>
<arg>xpath://span[text()='Cart']</arg>
</arguments>
<msg timestamp="20210116 13:10:47.730" level="INFO">Clicking element 'xpath://span[text()='Cart']'.</msg>
<status status="PASS" starttime="20210116 13:10:47.729" endtime="20210116 13:10:48.762"></status>
</kw>
<kw name="Sleep" library="BuiltIn">
<doc>Pauses the test executed for the given time.</doc>
<arguments>
<arg>2</arg>
</arguments>
<msg timestamp="20210116 13:10:50.768" level="INFO">Slept 2 seconds</msg>
<status status="PASS" starttime="20210116 13:10:48.763" endtime="20210116 13:10:50.768"></status>
</kw>
<status status="PASS" starttime="20210116 13:10:45.725" endtime="20210116 13:10:50.768"></status>
</kw>
<kw name="Shop Now">
<kw name="Click Element" library="SeleniumLibrary">
<doc>Click the element identified by ``locator``.</doc>
<arguments>
<arg>xpath://span[text()='Shop now']</arg>
</arguments>
<msg timestamp="20210116 13:10:50.768" level="INFO">Clicking element 'xpath://span[text()='Shop now']'.</msg>
<status status="PASS" starttime="20210116 13:10:50.768" endtime="20210116 13:10:50.892"></status>
</kw>
<kw name="Sleep" library="BuiltIn">
<doc>Pauses the test executed for the given time.</doc>
<arguments>
<arg>2</arg>
</arguments>
<msg timestamp="20210116 13:10:52.903" level="INFO">Slept 2 seconds</msg>
<status status="PASS" starttime="20210116 13:10:50.892" endtime="20210116 13:10:52.903"></status>
</kw>
<status status="PASS" starttime="20210116 13:10:50.768" endtime="20210116 13:10:52.903"></status>
</kw>
<kw name="Select Electronics">
<kw name="Click Element" library="SeleniumLibrary">
<doc>Click the element identified by ``locator``.</doc>
<arguments>
<arg>xpath://div[@class='_1kidPb']//span</arg>
</arguments>
<msg timestamp="20210116 13:10:52.903" level="INFO">Clicking element 'xpath://div[@class='_1kidPb']//span'.</msg>
<status status="PASS" starttime="20210116 13:10:52.903" endtime="20210116 13:10:53.016"></status>
</kw>
<kw name="Sleep" library="BuiltIn">
<doc>Pauses the test executed for the given time.</doc>
<arguments>
<arg>2</arg>
</arguments>
<msg timestamp="20210116 13:10:55.019" level="INFO">Slept 2 seconds</msg>
<status status="PASS" starttime="20210116 13:10:53.016" endtime="20210116 13:10:55.019"></status>
</kw>
<status status="PASS" starttime="20210116 13:10:52.903" endtime="20210116 13:10:55.019"></status>
</kw>
<kw name="Select mobile phones">
<kw name="Click Element" library="SeleniumLibrary">
<doc>Click the element identified by ``locator``.</doc>
<arguments>
<arg>xpath://*[@id="container"]/div/div[2]/div/div/div/div[1]/a[4]</arg>
</arguments>
<msg timestamp="20210116 13:10:55.021" level="INFO">Clicking element 'xpath://*[@id="container"]/div/div[2]/div/div/div/div[1]/a[4]'.</msg>
<status status="PASS" starttime="20210116 13:10:55.021" endtime="20210116 13:10:55.149"></status>
</kw>
<kw name="Sleep" library="BuiltIn">
<doc>Pauses the test executed for the given time.</doc>
<arguments>
<arg>2</arg>
</arguments>
<msg timestamp="20210116 13:10:57.150" level="INFO">Slept 2 seconds</msg>
<status status="PASS" starttime="20210116 13:10:55.149" endtime="20210116 13:10:57.150"></status>
</kw>
<status status="PASS" starttime="20210116 13:10:55.020" endtime="20210116 13:10:57.150"></status>
</kw>
<kw name="View all">
<kw name="Click Element" library="SeleniumLibrary">
<doc>Click the element identified by ``locator``.</doc>
<arguments>
<arg>xpath://*[@id="container"]/div/div[3]/div[3]/div[1]/div/div[1]/div[2]/a/span</arg>
</arguments>
<msg timestamp="20210116 13:10:57.151" level="INFO">Clicking element 'xpath://*[@id="container"]/div/div[3]/div[3]/div[1]/div/div[1]/div[2]/a/span'.</msg>
<status status="PASS" starttime="20210116 13:10:57.151" endtime="20210116 13:10:57.287"></status>
</kw>
<kw name="Sleep" library="BuiltIn">
<doc>Pauses the test executed for the given time.</doc>
<arguments>
<arg>2</arg>
</arguments>
<msg timestamp="20210116 13:10:59.290" level="INFO">Slept 2 seconds</msg>
<status status="PASS" starttime="20210116 13:10:57.287" endtime="20210116 13:10:59.290"></status>
</kw>
<status status="PASS" starttime="20210116 13:10:57.151" endtime="20210116 13:10:59.290"></status>
</kw>
<kw name="Select smartphone">
<kw name="Scroll Element Into View" library="SeleniumLibrary">
<doc>Scrolls the element identified by ``locator`` into view.</doc>
<arguments>
<arg>xpath://div[text()='₹17,499']</arg>
</arguments>
<status status="PASS" starttime="20210116 13:10:59.290" endtime="20210116 13:10:59.751"></status>
</kw>
<kw name="Sleep" library="BuiltIn">
<doc>Pauses the test executed for the given time.</doc>
<arguments>
<arg>2</arg>
</arguments>
<msg timestamp="20210116 13:11:01.758" level="INFO">Slept 2 seconds</msg>
<status status="PASS" starttime="20210116 13:10:59.751" endtime="20210116 13:11:01.758"></status>
</kw>
<kw name="Click Element" library="SeleniumLibrary">
<doc>Click the element identified by ``locator``.</doc>
<arguments>
<arg>xpath://div[text()='₹17,499']</arg>
</arguments>
<msg timestamp="20210116 13:11:01.758" level="INFO">Clicking element 'xpath://div[text()='₹17,499']'.</msg>
<status status="PASS" starttime="20210116 13:11:01.758" endtime="20210116 13:11:01.927"></status>
</kw>
<kw name="Select Window" library="SeleniumLibrary">
<doc>DEPRECATED in SeleniumLibrary 4.0. , use `Switch Window` instead.</doc>
<arguments>
<arg>NEW</arg>
</arguments>
<status status="PASS" starttime="20210116 13:11:01.927" endtime="20210116 13:11:01.961"></status>
</kw>
<kw name="Sleep" library="BuiltIn">
<doc>Pauses the test executed for the given time.</doc>
<arguments>
<arg>2</arg>
</arguments>
<msg timestamp="20210116 13:11:03.962" level="INFO">Slept 2 seconds</msg>
<status status="PASS" starttime="20210116 13:11:01.961" endtime="20210116 13:11:03.962"></status>
</kw>
<status status="PASS" starttime="20210116 13:10:59.290" endtime="20210116 13:11:03.962"></status>
</kw>
<kw name="Add to cart">
<kw name="Click Element" library="SeleniumLibrary">
<doc>Click the element identified by ``locator``.</doc>
<arguments>
<arg>xpath://button[text()='ADD TO CART']</arg>
</arguments>
<msg timestamp="20210116 13:11:03.964" level="INFO">Clicking element 'xpath://button[text()='ADD TO CART']'.</msg>
<status status="PASS" starttime="20210116 13:11:03.964" endtime="20210116 13:11:06.542"></status>
</kw>
<kw name="Sleep" library="BuiltIn">
<doc>Pauses the test executed for the given time.</doc>
<arguments>
<arg>2</arg>
</arguments>
<msg timestamp="20210116 13:11:08.544" level="INFO">Slept 2 seconds</msg>
<status status="PASS" starttime="20210116 13:11:06.542" endtime="20210116 13:11:08.544"></status>
</kw>
<status status="PASS" starttime="20210116 13:11:03.964" endtime="20210116 13:11:08.545"></status>
</kw>
<status status="PASS" starttime="20210116 13:10:27.745" endtime="20210116 13:11:08.546" critical="yes"></status>
</test>
<status status="PASS" starttime="20210116 13:10:27.463" endtime="20210116 13:11:08.549"></status>
</suite>
<statistics>
<total>
<stat pass="1" fail="0">Critical Tests</stat>
<stat pass="1" fail="0">All Tests</stat>
</total>
<tag>
</tag>
<suite>
<stat pass="1" fail="0" id="s1" name="TC1">TC1</stat>
</suite>
</statistics>
<errors>
</errors>
</robot>
